Arguments: 
  C:\Program Files\nodejs\node.exe C:\Program Files\nodejs\node_modules\yarn\bin\yarn.js add react-spinkit

PATH: 
  C:\Python310\Scripts\;C:\Python310\;C:\Windows\system32;C:\Windows;C:\Windows\System32\Wbem;C:\Windows\System32\WindowsPowerShell\v1.0\;C:\Windows\System32\OpenSSH\;C:\Program Files\NVIDIA Corporation\NVIDIA NvDLISR;C:\Program Files (x86)\NVIDIA Corporation\PhysX\Common;C:\ProgramData\chocolatey\bin;C:\Program Files\MySQL\MySQL Server 5.5\bin;C:\Program Files\Git\cmd;C:\Program Files\dotnet\;C:\Users\arpit\AppData\Roaming\nvm;C:\Program Files\nodejs;C:\Program Files\PuTTY\;C:\MinGW\bin;;C:\Program Files\Docker\Docker\resources\bin;C:\ProgramData\DockerDesktop\version-bin;C:\Users\arpit\Anaconda3;C:\Users\arpit\Anaconda3\Library\mingw-w64\bin;C:\Users\arpit\Anaconda3\Library\usr\bin;C:\Users\arpit\Anaconda3\Library\bin;C:\Users\arpit\Anaconda3\Scripts;C:\Users\arpit\AppData\Local\Microsoft\WindowsApps;C:\Users\arpit\AppData\Local\Programs\Microsoft VS Code\bin;C:\Users\arpit\AppData\Local\GitHubDesktop\bin;C:\msys64\mingw64\bin;C:\Program Files\JetBrains\IntelliJ IDEA 2022.1\bin;;C:\Users\arpit\AppData\Roaming\nvm;C:\Program Files\nodejs;C:\Program Files\MongoDB\Server\5.0\bin;

Yarn version: 
  1.22.18

Node version: 
  14.17.3

Platform: 
  win32 x64

Trace: 
  Error: https://registry.yarnpkg.com/@mui/icons-material/-/icons-material-5.10.2.tgz: ESOCKETTIMEDOUT
      at ClientRequest.<anonymous> (C:\Users\arpit\AppData\Roaming\nvm\v14.17.3\node_modules\yarn\lib\cli.js:141510:19)
      at Object.onceWrapper (events.js:481:28)
      at ClientRequest.emit (events.js:375:28)
      at TLSSocket.emitRequestTimeout (_http_client.js:790:9)
      at Object.onceWrapper (events.js:481:28)
      at TLSSocket.emit (events.js:387:35)
      at TLSSocket.Socket._onTimeout (net.js:484:8)
      at listOnTimeout (internal/timers.js:557:17)
      at processTimers (internal/timers.js:500:7)

npm manifest: 
  {
    "name": "chat-app",
    "version": "0.1.0",
    "private": true,
    "dependencies": {
      "@emotion/react": "^11.10.0",
      "@emotion/styled": "^11.10.0",
      "@material-ui/core": "^4.12.4",
      "@material-ui/icons": "^4.11.3",
      "@mui/icons-material": "^5.8.4",
      "@mui/material": "^5.10.1",
      "@reduxjs/toolkit": "^1.8.5",
      "@testing-library/jest-dom": "^5.16.5",
      "@testing-library/react": "^13.3.0",
      "@testing-library/user-event": "^14.4.3",
      "firebase": "^9.9.3",
      "react": "^18.2.0",
      "react-dom": "^18.2.0",
      "react-firebase-hooks": "^5.0.3",
      "react-redux": "^8.0.2",
      "react-router-dom": "^6.3.0",
      "react-scripts": "5.0.1",
      "styled-components": "^5.3.5",
      "web-vitals": "^2.1.4"
    },
    "scripts": {
      "start": "react-scripts start",
      "build": "react-scripts build",
      "test": "react-scripts test",
      "eject": "react-scripts eject"
    },
    "eslintConfig": {
      "extends": [
        "react-app",
        "react-app/jest"
      ]
    },
    "browserslist": {
      "production": [
        ">0.2%",
        "not dead",
        "not op_mini all"
      ],
      "development": [
        "last 1 chrome version",
        "last 1 firefox version",
        "last 1 safari version"
      ]
    }
  }

yarn manifest: 
  No manifest

Lockfile: 
  No lockfile
